app/manifest-merger-release-report.txt
-- Merging decision tree log ---
manifest
ADDED from AndroidManifest.xml:2:1
	xmlns:android
		ADDED from AndroidManifest.xml:2:11
	package
		ADDED from AndroidManifest.xml:3:5
		INJECTED from AndroidManifest.xml:0:0
		INJECTED from AndroidManifest.xml:0:0
	android:versionName
		INJECTED from AndroidManifest.xml:0:0
		INJECTED from AndroidManifest.xml:0:0
	android:versionCode
		INJECTED from AndroidManifest.xml:0:0
		INJECTED from AndroidManifest.xml:0:0
application
ADDED from AndroidManifest.xml:5:5
MERGED from com.android.support:appcompat-v7:21.0.3:16:5
MERGED from com.android.support:support-v4:21.0.3:16:5
MERGED from com.google.android.gms:play-services-maps:6.5.87:19:5
MERGED from com.google.android.gms:play-services-base:6.5.87:20:5
MERGED from com.android.support:support-v4:21.0.3:16:5
	android:label
		ADDED from AndroidManifest.xml:8:9
	android:allowBackup
		ADDED from AndroidManifest.xml:6:9
	android:icon
		ADDED from AndroidManifest.xml:7:9
	android:theme
		ADDED from AndroidManifest.xml:9:9
meta-data#com.google.android.gms.version
ADDED from AndroidManifest.xml:10:9
MERGED from com.google.android.gms:play-services-base:6.5.87:21:9
	android:name
		ADDED from AndroidManifest.xml:11:13
	android:value
		ADDED from AndroidManifest.xml:12:13
activity#de.wildsau.dogtrailing.MainActivity
ADDED from AndroidManifest.xml:13:9
	android:name
		ADDED from AndroidManifest.xml:14:13
intent-filter#android.intent.action.MAIN+android.intent.category.LAUNCHER
ADDED from AndroidManifest.xml:15:13
action#android.intent.action.MAIN
ADDED from AndroidManifest.xml:16:17
	android:name
		ADDED from AndroidManifest.xml:16:25
category#android.intent.category.LAUNCHER
ADDED from AndroidManifest.xml:18:17
	android:name
		ADDED from AndroidManifest.xml:18:27
activity#de.wildsau.dogtrailing.DisplayMessageActivity
ADDED from AndroidManifest.xml:21:9
	android:label
		ADDED from AndroidManifest.xml:23:13
	android:parentActivityName
		ADDED from AndroidManifest.xml:24:13
	android:name
		ADDED from AndroidManifest.xml:22:13
meta-data#android.support.PARENT_ACTIVITY
ADDED from AndroidManifest.xml:25:13
	android:name
		ADDED from AndroidManifest.xml:26:17
	android:value
		ADDED from AndroidManifest.xml:27:17
uses-sdk
INJECTED from AndroidManifest.xml:0:0 reason: use-sdk injection requested
MERGED from com.android.support:appcompat-v7:21.0.3:15:5
MERGED from com.android.support:support-v4:21.0.3:15:5
MERGED from com.google.android.gms:play-services-maps:6.5.87:18:5
MERGED from com.google.android.gms:play-services-base:6.5.87:18:5
MERGED from com.android.support:support-v4:21.0.3:15:5
	android:targetSdkVersion
		INJECTED from AndroidManifest.xml:0:0
		INJECTED from AndroidManifest.xml:0:0
	android:minSdkVersion
		INJECTED from AndroidManifest.xml:0:0
		INJECTED from AndroidManifest.xml:0:0